<?xml version="1.0" encoding="UTF-8"?>
<!-- Generated by org.testng.reporters.JUnitXMLReporter -->
<testsuite ignored="0" hostname="LAPTOP-GJ38PRL1" failures="0" tests="4" name="Default test" time="6.563" errors="0" timestamp="2024-03-08T12:30:43 IST">
  <testcase classname="login.Login" name="loginWithValidCredentials" time="0.314"/>
  <testcase classname="login.Login" name="loginWithoutPassword" time="0.154"/>
  <testcase classname="login.Login" name="loginWithoutUsername" time="0.161"/>
  <testcase classname="login.Login" name="loginWithoutUsernamePassword" time="0.079"/>
</testsuite> <!-- Default test -->
