<?xml version="1.0" encoding="UTF-8"?>
<!-- Generated by org.testng.reporters.JUnitXMLReporter -->
<testsuite ignored="0" hostname="LAPTOP-GJ38PRL1" failures="0" tests="5" name="Test" time="8.083" errors="0" timestamp="2024-03-08T12:32:00 IST">
  <testcase classname="login.Login" name="loginWithValidCredentials" time="0.357"/>
  <testcase classname="login.Login" name="loginWithoutPassword" time="0.16"/>
  <testcase classname="login.Login" name="loginWithoutUsername" time="0.165"/>
  <testcase classname="login.Login" name="loginWithoutUsernamePassword" time="0.094"/>
  <testcase classname="home.Home" name="sortTransactionsAsPerAmounts" time="0.12"/>
</testsuite> <!-- Test -->
