<?xml version="1.0" encoding="UTF-8"?>
<testng-results ignored="0" total="5" passed="5" failed="0" skipped="0">
  <reporter-output>
  </reporter-output>
  <suite started-at="2024-03-08T12:31:52 IST" name="Suite" finished-at="2024-03-08T12:32:00 IST" duration-ms="8083">
    <groups>
    </groups>
    <test started-at="2024-03-08T12:31:52 IST" name="Test" finished-at="2024-03-08T12:32:00 IST" duration-ms="8083">
      <class name="login.Login">
        <test-method is-config="true" signature="setup()[pri:0, instance:login.Login@4f6ee6e4]" started-at="2024-03-08T12:31:52 IST" name="setup" finished-at="2024-03-08T12:31:54 IST" duration-ms="1732" status="PASS">
          <reporter-output>
          </reporter-output>
        </test-method> <!-- setup -->
        <test-method signature="loginWithValidCredentials()[pri:0, instance:login.Login@4f6ee6e4]" started-at="2024-03-08T12:31:54 IST" name="loginWithValidCredentials" finished-at="2024-03-08T12:31:54 IST" duration-ms="357" status="PASS">
          <reporter-output>
          </reporter-output>
        </test-method> <!-- loginWithValidCredentials -->
        <test-method is-config="true" signature="teardown()[pri:0, instance:login.Login@4f6ee6e4]" started-at="2024-03-08T12:31:54 IST" name="teardown" finished-at="2024-03-08T12:31:54 IST" duration-ms="122" status="PASS">
          <reporter-output>
          </reporter-output>
        </test-method> <!-- teardown -->
        <test-method is-config="true" signature="setup()[pri:0, instance:login.Login@4f6ee6e4]" started-at="2024-03-08T12:31:54 IST" name="setup" finished-at="2024-03-08T12:31:55 IST" duration-ms="1118" status="PASS">
          <reporter-output>
          </reporter-output>
        </test-method> <!-- setup -->
        <test-method signature="loginWithoutPassword()[pri:0, instance:login.Login@4f6ee6e4]" started-at="2024-03-08T12:31:55 IST" name="loginWithoutPassword" finished-at="2024-03-08T12:31:55 IST" duration-ms="160" status="PASS">
          <reporter-output>
          </reporter-output>
        </test-method> <!-- loginWithoutPassword -->
        <test-method is-config="true" signature="teardown()[pri:0, instance:login.Login@4f6ee6e4]" started-at="2024-03-08T12:31:55 IST" name="teardown" finished-at="2024-03-08T12:31:56 IST" duration-ms="132" status="PASS">
          <reporter-output>
          </reporter-output>
        </test-method> <!-- teardown -->
        <test-method is-config="true" signature="setup()[pri:0, instance:login.Login@4f6ee6e4]" started-at="2024-03-08T12:31:56 IST" name="setup" finished-at="2024-03-08T12:31:57 IST" duration-ms="1120" status="PASS">
          <reporter-output>
          </reporter-output>
        </test-method> <!-- setup -->
        <test-method signature="loginWithoutUsername()[pri:0, instance:login.Login@4f6ee6e4]" started-at="2024-03-08T12:31:57 IST" name="loginWithoutUsername" finished-at="2024-03-08T12:31:57 IST" duration-ms="165" status="PASS">
          <reporter-output>
          </reporter-output>
        </test-method> <!-- loginWithoutUsername -->
        <test-method is-config="true" signature="teardown()[pri:0, instance:login.Login@4f6ee6e4]" started-at="2024-03-08T12:31:57 IST" name="teardown" finished-at="2024-03-08T12:31:57 IST" duration-ms="100" status="PASS">
          <reporter-output>
          </reporter-output>
        </test-method> <!-- teardown -->
        <test-method is-config="true" signature="setup()[pri:0, instance:login.Login@4f6ee6e4]" started-at="2024-03-08T12:31:57 IST" name="setup" finished-at="2024-03-08T12:31:58 IST" duration-ms="1133" status="PASS">
          <reporter-output>
          </reporter-output>
        </test-method> <!-- setup -->
        <test-method signature="loginWithoutUsernamePassword()[pri:0, instance:login.Login@4f6ee6e4]" started-at="2024-03-08T12:31:58 IST" name="loginWithoutUsernamePassword" finished-at="2024-03-08T12:31:58 IST" duration-ms="94" status="PASS">
          <reporter-output>
          </reporter-output>
        </test-method> <!-- loginWithoutUsernamePassword -->
        <test-method is-config="true" signature="teardown()[pri:0, instance:login.Login@4f6ee6e4]" started-at="2024-03-08T12:31:58 IST" name="teardown" finished-at="2024-03-08T12:31:58 IST" duration-ms="143" status="PASS">
          <reporter-output>
          </reporter-output>
        </test-method> <!-- teardown -->
      </class> <!-- login.Login -->
      <class name="home.Home">
        <test-method is-config="true" signature="setup()[pri:0, instance:home.Home@3febb011]" started-at="2024-03-08T12:31:58 IST" name="setup" finished-at="2024-03-08T12:32:00 IST" duration-ms="1419" status="PASS">
          <reporter-output>
          </reporter-output>
        </test-method> <!-- setup -->
        <test-method signature="sortTransactionsAsPerAmounts()[pri:0, instance:home.Home@3febb011]" started-at="2024-03-08T12:32:00 IST" name="sortTransactionsAsPerAmounts" finished-at="2024-03-08T12:32:00 IST" duration-ms="120" status="PASS">
          <reporter-output>
          </reporter-output>
        </test-method> <!-- sortTransactionsAsPerAmounts -->
        <test-method is-config="true" signature="teardown()[pri:0, instance:home.Home@3febb011]" started-at="2024-03-08T12:32:00 IST" name="teardown" finished-at="2024-03-08T12:32:00 IST" duration-ms="125" status="PASS">
          <reporter-output>
          </reporter-output>
        </test-method> <!-- teardown -->
      </class> <!-- home.Home -->
    </test> <!-- Test -->
  </suite> <!-- Suite -->
</testng-results>
